2019-07-31T16:19:58.501 [INFO] [org.springframework.context.support.PostProcessorRegistrationDelegate$BeanPostProcessorChecker:330] -- Bean 'org.springframework.retry.annotation.RetryConfiguration' of type [org.springframework.retry.annotation.RetryConfiguration$$EnhancerBySpringCGLIB$$1aba829] is not eligible for getting processed by all BeanPostProcessors (for example: not eligible for auto-proxying)
2019-07-31T16:19:58.520 [INFO] [org.springframework.context.support.PostProcessorRegistrationDelegate$BeanPostProcessorChecker:330] -- Bean 'org.springframework.cloud.autoconfigure.ConfigurationPropertiesRebinderAutoConfiguration' of type [org.springframework.cloud.autoconfigure.ConfigurationPropertiesRebinderAutoConfiguration$$EnhancerBySpringCGLIB$$28021301] is not eligible for getting processed by all BeanPostProcessors (for example: not eligible for auto-proxying)
2019-07-31T16:19:59.457 [INFO] [org.springframework.cloud.netflix.eureka.InstanceInfoFactory:71] -- Setting initial instance status as: STARTING
2019-07-31T16:19:59.523 [INFO] [com.netflix.discovery.DiscoveryClient:349] -- Initializing Eureka in region us-east-1
2019-07-31T16:20:00.143 [INFO] [com.netflix.discovery.provider.DiscoveryJerseyProvider:70] -- Using JSON encoding codec LegacyJacksonJson
2019-07-31T16:20:00.143 [INFO] [com.netflix.discovery.provider.DiscoveryJerseyProvider:71] -- Using JSON decoding codec LegacyJacksonJson
2019-07-31T16:20:00.273 [INFO] [com.netflix.discovery.provider.DiscoveryJerseyProvider:80] -- Using XML encoding codec XStreamXml
2019-07-31T16:20:00.274 [INFO] [com.netflix.discovery.provider.DiscoveryJerseyProvider:81] -- Using XML decoding codec XStreamXml
2019-07-31T16:20:00.532 [INFO] [com.netflix.discovery.shared.resolver.aws.ConfigClusterResolver:43] -- Resolving eureka endpoints via configuration
2019-07-31T16:20:00.934 [INFO] [com.netflix.discovery.DiscoveryClient:958] -- Disable delta property : false
2019-07-31T16:20:00.934 [INFO] [com.netflix.discovery.DiscoveryClient:959] -- Single vip registry refresh property : null
2019-07-31T16:20:00.934 [INFO] [com.netflix.discovery.DiscoveryClient:960] -- Force full registry fetch : false
2019-07-31T16:20:00.935 [INFO] [com.netflix.discovery.DiscoveryClient:961] -- Application is null : false
2019-07-31T16:20:00.935 [INFO] [com.netflix.discovery.DiscoveryClient:962] -- Registered Applications size is zero : true
2019-07-31T16:20:00.935 [INFO] [com.netflix.discovery.DiscoveryClient:964] -- Application version is -1: true
2019-07-31T16:20:00.935 [INFO] [com.netflix.discovery.DiscoveryClient:1047] -- Getting all instance registry info from the eureka server
2019-07-31T16:20:01.147 [INFO] [com.netflix.discovery.DiscoveryClient:1056] -- The response status is 200
2019-07-31T16:20:01.151 [INFO] [com.netflix.discovery.DiscoveryClient:1270] -- Starting heartbeat executor: renew interval is: 30
2019-07-31T16:20:01.155 [INFO] [com.netflix.discovery.InstanceInfoReplicator:60] -- InstanceInfoReplicator onDemand update allowed rate per min is 4
2019-07-31T16:20:01.163 [INFO] [com.netflix.discovery.DiscoveryClient:449] -- Discovery Client initialized at timestamp 1564561201161 with initial instances count: 1
2019-07-31T16:20:01.201 [INFO] [org.springframework.cloud.netflix.eureka.serviceregistry.EurekaServiceRegistry:42] -- Registering application CONFIG-CLIENT with eureka with status UP
2019-07-31T16:20:01.201 [INFO] [com.netflix.discovery.DiscoveryClient:1305] -- Saw local status change event StatusChangeEvent [timestamp=1564561201201, current=UP, previous=STARTING]
2019-07-31T16:20:01.203 [INFO] [com.netflix.discovery.DiscoveryClient:826] -- DiscoveryClient_CONFIG-CLIENT/config-client:172.20.10.7:7003: registering service...
2019-07-31T16:20:02.148 [INFO] [org.springframework.cloud.config.client.ConfigServicePropertySourceLocator:205] -- Fetching config from server at : http://172.20.10.7:7001/
2019-07-31T16:20:10.999 [INFO] [org.springframework.cloud.config.client.ConfigServicePropertySourceLocator:149] -- Located environment: name=config-client, profiles=[dev], label=null, version=34af31677e4b7456b10065229b29fa7a7c7b52be, state=null
2019-07-31T16:20:11.000 [INFO] [org.springframework.cloud.bootstrap.config.PropertySourceBootstrapConfiguration:98] -- Located property source: CompositePropertySource {name='configService', propertySources=[MapPropertySource {name='configClient'}, MapPropertySource {name='git@github.com:winkol/myspringcloudconfig.git/config-client-dev.yml'}]}
2019-07-31T16:20:11.003 [INFO] [com.cloud.config.client.CloudConfigClientApplication:675] -- No active profile set, falling back to default profiles: default
2019-07-31T16:20:11.597 [WARN] [org.springframework.boot.actuate.endpoint.EndpointId:135] -- Endpoint ID 'bus-env' contains invalid characters, please migrate to a valid format.
2019-07-31T16:20:11.602 [WARN] [org.springframework.boot.actuate.endpoint.EndpointId:135] -- Endpoint ID 'bus-refresh' contains invalid characters, please migrate to a valid format.
2019-07-31T16:20:11.856 [WARN] [org.springframework.boot.actuate.endpoint.EndpointId:135] -- Endpoint ID 'service-registry' contains invalid characters, please migrate to a valid format.
2019-07-31T16:20:12.093 [INFO] [org.springframework.cloud.context.scope.GenericScope:294] -- BeanFactory id=718bfda5-6d03-3d30-9454-a28723e18b13
2019-07-31T16:20:12.102 [INFO] [org.springframework.integration.config.DefaultConfiguringBeanFactoryPostProcessor:188] -- No bean named 'errorChannel' has been explicitly defined. Therefore, a default PublishSubscribeChannel will be created.
2019-07-31T16:20:12.109 [INFO] [org.springframework.integration.config.DefaultConfiguringBeanFactoryPostProcessor:275] -- No bean named 'taskScheduler' has been explicitly defined. Therefore, a default ThreadPoolTaskScheduler will be created.
2019-07-31T16:20:12.116 [INFO] [org.springframework.integration.config.DefaultConfiguringBeanFactoryPostProcessor:426] -- No bean named 'integrationHeaderChannelRegistry' has been explicitly defined. Therefore, a default DefaultHeaderChannelRegistry will be created.
2019-07-31T16:20:12.136 [INFO] [org.springframework.context.support.PostProcessorRegistrationDelegate$BeanPostProcessorChecker:330] -- Bean 'org.springframework.amqp.rabbit.annotation.RabbitBootstrapConfiguration' of type [org.springframework.amqp.rabbit.annotation.RabbitBootstrapConfiguration$$EnhancerBySpringCGLIB$$d253ce32] is not eligible for getting processed by all BeanPostProcessors (for example: not eligible for auto-proxying)
2019-07-31T16:20:12.196 [INFO] [org.springframework.context.support.PostProcessorRegistrationDelegate$BeanPostProcessorChecker:330] -- Bean 'integrationDisposableAutoCreatedBeans' of type [org.springframework.integration.config.annotation.Disposables] is not eligible for getting processed by all BeanPostProcessors (for example: not eligible for auto-proxying)
2019-07-31T16:20:12.221 [INFO] [org.springframework.context.support.PostProcessorRegistrationDelegate$BeanPostProcessorChecker:330] -- Bean 'org.springframework.integration.config.IntegrationManagementConfiguration' of type [org.springframework.integration.config.IntegrationManagementConfiguration$$EnhancerBySpringCGLIB$$76d9cb33] is not eligible for getting processed by all BeanPostProcessors (for example: not eligible for auto-proxying)
2019-07-31T16:20:12.230 [INFO] [org.springframework.context.support.PostProcessorRegistrationDelegate$BeanPostProcessorChecker:330] -- Bean 'org.springframework.boot.autoconfigure.integration.IntegrationAutoConfiguration$IntegrationJmxConfiguration' of type [org.springframework.boot.autoconfigure.integration.IntegrationAutoConfiguration$IntegrationJmxConfiguration$$EnhancerBySpringCGLIB$$526bd653] is not eligible for getting processed by all BeanPostProcessors (for example: not eligible for auto-proxying)
2019-07-31T16:20:12.241 [INFO] [org.springframework.context.support.PostProcessorRegistrationDelegate$BeanPostProcessorChecker:330] -- Bean 'org.springframework.boot.autoconfigure.jmx.JmxAutoConfiguration' of type [org.springframework.boot.autoconfigure.jmx.JmxAutoConfiguration$$EnhancerBySpringCGLIB$$8b537f20] is not eligible for getting processed by all BeanPostProcessors (for example: not eligible for auto-proxying)
2019-07-31T16:20:12.247 [INFO] [org.springframework.context.support.PostProcessorRegistrationDelegate$BeanPostProcessorChecker:330] -- Bean 'mbeanServer' of type [com.sun.jmx.mbeanserver.JmxMBeanServer] is not eligible for getting processed by all BeanPostProcessors (for example: not eligible for auto-proxying)
2019-07-31T16:20:12.256 [INFO] [org.springframework.context.support.PostProcessorRegistrationDelegate$BeanPostProcessorChecker:330] -- Bean 'org.springframework.cloud.autoconfigure.ConfigurationPropertiesRebinderAutoConfiguration' of type [org.springframework.cloud.autoconfigure.ConfigurationPropertiesRebinderAutoConfiguration$$EnhancerBySpringCGLIB$$28021301] is not eligible for getting processed by all BeanPostProcessors (for example: not eligible for auto-proxying)
2019-07-31T16:20:12.640 [INFO] [org.springframework.boot.web.embedded.tomcat.TomcatWebServer:90] -- Tomcat initialized with port(s): 7003 (http)
2019-07-31T16:20:12.657 [INFO] [org.apache.coyote.http11.Http11NioProtocol:173] -- Initializing ProtocolHandler ["http-nio-7003"]
2019-07-31T16:20:12.666 [INFO] [org.apache.catalina.core.StandardService:173] -- Starting service [Tomcat]
2019-07-31T16:20:12.666 [INFO] [org.apache.catalina.core.StandardEngine:173] -- Starting Servlet engine: [Apache Tomcat/9.0.14]
2019-07-31T16:20:12.673 [INFO] [org.apache.catalina.core.AprLifecycleListener:173] -- The APR based Apache Tomcat Native library which allows optimal performance in production environments was not found on the java.library.path: [D:\InstallTools\Development\jdk\jdk1.8.0_152\bin;C:\WINDOWS\Sun\Java\bin;C:\WINDOWS\system32;C:\WINDOWS;C:\Program Files (x86)\Intel\iCLS Client\;C:\Program Files\Intel\iCLS Client\;C:\Windows\system32;C:\Windows;C:\Windows\System32\Wbem;C:\Windows\System32\WindowsPowerShell\v1.0\;C:\Program Files (x86)\NVIDIA Corporation\PhysX\Common;C:\Program Files (x86)\Intel\Intel(R) Management Engine Components\DAL;C:\Program Files\Intel\Intel(R) Management Engine Components\DAL;C:\Program Files (x86)\Intel\Intel(R) Management Engine Components\IPT;C:\Program Files\Intel\Intel(R) Management Engine Components\IPT;D:\InstallTools\Development\jdk\jdk_\bin;D:\InstallTools\Development\jdk\jdk_\jre\bin;D:\InstallTools\Development\maven\apache-maven\bin;C:\Program Files (x86)\MySQL\MySQL Fabric 1.5.2 & MySQL Utilities 1.5.2 1.5\;C:\Program Files (x86)\MySQL\MySQL Fabric 1.5.2 & MySQL Utilities 1.5.2 1.5\Doctrine extensions for PHP\;D:\InstallTools\Development\Python\Python36-32;D:\InstallTools\Development\Python\Python36-32\Scripts;C:\WINDOWS\system32;C:\WINDOWS;C:\WINDOWS\System32\Wbem;C:\WINDOWS\System32\WindowsPowerShell\v1.0\;C:\WINDOWS\System32\OpenSSH\;D:\InstallTools\Development\Git\cmd;D:\InstallTools\Development\OpenVPN\bin;D:\InstallTools\Development\gradle\gradle\bin;C:\Program Files\nodejs\;C:\Program Files (x86)\Yarn\bin\;D:\InstallTools\Development\hadoop\hadoop\bin;D:\InstallTools\Development\TortoiseSVN\bin;C:\Users\winkol_luo\AppData\Local\Microsoft\WindowsApps;C:\Users\winkol_luo\AppData\Roaming\npm;C:\Users\winkol_luo\AppData\Local\Yarn\bin;.]
2019-07-31T16:20:12.841 [INFO] [org.apache.catalina.core.ContainerBase.[Tomcat].[localhost].[/]:173] -- Initializing Spring embedded WebApplicationContext
2019-07-31T16:20:12.842 [INFO] [org.springframework.web.context.ContextLoader:296] -- Root WebApplicationContext: initialization completed in 1827 ms
2019-07-31T16:20:12.996 [WARN] [com.netflix.config.sources.URLConfigurationSource:121] -- No URLs will be polled as dynamic configuration sources.
2019-07-31T16:20:12.997 [INFO] [com.netflix.config.sources.URLConfigurationSource:122] -- To enable URLs as dynamic configuration sources, define System property archaius.configurationSource.additionalUrls or make config.properties available on classpath.
2019-07-31T16:20:13.007 [INFO] [com.netflix.config.DynamicPropertyFactory:281] -- DynamicPropertyFactory is initialized with configuration sources: com.netflix.config.ConcurrentCompositeConfiguration@5ad50b02
2019-07-31T16:20:13.581 [INFO] [org.springframework.scheduling.concurrent.ThreadPoolTaskScheduler:171] -- Initializing ExecutorService 'taskScheduler'
2019-07-31T16:20:13.900 [WARN] [com.netflix.config.sources.URLConfigurationSource:121] -- No URLs will be polled as dynamic configuration sources.
2019-07-31T16:20:13.900 [INFO] [com.netflix.config.sources.URLConfigurationSource:122] -- To enable URLs as dynamic configuration sources, define System property archaius.configurationSource.additionalUrls or make config.properties available on classpath.
2019-07-31T16:20:14.060 [INFO] [org.springframework.scheduling.concurrent.ThreadPoolTaskExecutor:171] -- Initializing ExecutorService 'applicationTaskExecutor'
2019-07-31T16:20:16.401 [INFO] [com.netflix.discovery.DiscoveryClient:888] -- Shutting down DiscoveryClient ...
2019-07-31T16:20:19.402 [INFO] [com.netflix.discovery.DiscoveryClient:922] -- Unregistering ...
2019-07-31T16:20:19.411 [INFO] [com.netflix.discovery.DiscoveryClient:924] -- DiscoveryClient_CONFIG-CLIENT/config-client:172.20.10.7:7003 - deregister  status: 200
2019-07-31T16:20:19.426 [INFO] [com.netflix.discovery.DiscoveryClient:911] -- Completed shut down of DiscoveryClient
2019-07-31T16:20:19.443 [INFO] [org.springframework.boot.actuate.endpoint.web.EndpointLinksResolver:59] -- Exposing 1 endpoint(s) beneath base path '/actuator'
2019-07-31T16:20:19.534 [INFO] [org.springframework.cloud.stream.messaging.DirectWithAttributesChannel:64] -- Channel 'config-client-1.springCloudBusInput' has 1 subscriber(s).
2019-07-31T16:20:19.679 [INFO] [org.springframework.integration.monitor.IntegrationMBeanExporter:749] -- Registering MessageChannel errorChannel
2019-07-31T16:20:19.772 [INFO] [org.springframework.integration.monitor.IntegrationMBeanExporter:749] -- Registering MessageChannel springCloudBusInput
2019-07-31T16:20:19.810 [INFO] [org.springframework.integration.monitor.IntegrationMBeanExporter:749] -- Registering MessageChannel nullChannel
2019-07-31T16:20:19.824 [INFO] [org.springframework.integration.monitor.IntegrationMBeanExporter:749] -- Registering MessageChannel springCloudBusOutput
2019-07-31T16:20:19.833 [INFO] [org.springframework.integration.monitor.IntegrationMBeanExporter:767] -- Registering MessageHandler org.springframework.cloud.stream.binding.StreamListenerMessageHandler@25fcdcc6
2019-07-31T16:20:19.851 [INFO] [org.springframework.integration.monitor.IntegrationMBeanExporter:767] -- Registering MessageHandler errorLogger
2019-07-31T16:20:19.880 [INFO] [org.springframework.integration.endpoint.EventDrivenConsumer:107] -- Adding {logging-channel-adapter:_org.springframework.integration.errorLogger} as a subscriber to the 'errorChannel' channel
2019-07-31T16:20:19.881 [INFO] [org.springframework.integration.channel.PublishSubscribeChannel:64] -- Channel 'config-client-1.errorChannel' has 1 subscriber(s).
2019-07-31T16:20:19.881 [INFO] [org.springframework.integration.endpoint.EventDrivenConsumer:165] -- started _org.springframework.integration.errorLogger
2019-07-31T16:20:20.682 [INFO] [org.springframework.cloud.config.client.ConfigServicePropertySourceLocator:205] -- Fetching config from server at : http://172.20.10.7:7001/
2019-07-31T16:20:25.784 [INFO] [org.springframework.cloud.config.client.ConfigServicePropertySourceLocator:149] -- Located environment: name=config-client, profiles=[dev], label=null, version=34af31677e4b7456b10065229b29fa7a7c7b52be, state=null
2019-07-31T16:20:25.785 [INFO] [org.springframework.cloud.bootstrap.config.PropertySourceBootstrapConfiguration:98] -- Located property source: CompositePropertySource {name='configService', propertySources=[MapPropertySource {name='configClient'}, MapPropertySource {name='git@github.com:winkol/myspringcloudconfig.git/config-client-dev.yml'}]}
2019-07-31T16:20:26.003 [INFO] [org.springframework.amqp.rabbit.connection.CachingConnectionFactory:460] -- Attempting to connect to: [127.0.0.1:5672]
2019-07-31T16:20:26.041 [INFO] [org.springframework.amqp.rabbit.connection.CachingConnectionFactory:496] -- Created new connection: rabbitConnectionFactory#644e6a8e:0/SimpleConnection@7ba623d1 [delegate=amqp://guest@127.0.0.1:5672/, localPort= 60542]
2019-07-31T16:20:26.084 [INFO] [org.springframework.cloud.stream.messaging.DirectWithAttributesChannel:64] -- Channel 'config-client-1.springCloudBusOutput' has 1 subscriber(s).
2019-07-31T16:20:26.094 [INFO] [org.springframework.cloud.netflix.eureka.InstanceInfoFactory:71] -- Setting initial instance status as: STARTING
2019-07-31T16:20:26.099 [INFO] [com.netflix.discovery.DiscoveryClient:349] -- Initializing Eureka in region us-east-1
2019-07-31T16:20:26.102 [INFO] [com.netflix.discovery.provider.DiscoveryJerseyProvider:70] -- Using JSON encoding codec LegacyJacksonJson
2019-07-31T16:20:26.102 [INFO] [com.netflix.discovery.provider.DiscoveryJerseyProvider:71] -- Using JSON decoding codec LegacyJacksonJson
2019-07-31T16:20:26.103 [INFO] [com.netflix.discovery.provider.DiscoveryJerseyProvider:80] -- Using XML encoding codec XStreamXml
2019-07-31T16:20:26.103 [INFO] [com.netflix.discovery.provider.DiscoveryJerseyProvider:81] -- Using XML decoding codec XStreamXml
2019-07-31T16:20:26.211 [INFO] [com.netflix.discovery.shared.resolver.aws.ConfigClusterResolver:43] -- Resolving eureka endpoints via configuration
2019-07-31T16:20:26.213 [INFO] [com.netflix.discovery.DiscoveryClient:958] -- Disable delta property : false
2019-07-31T16:20:26.214 [INFO] [com.netflix.discovery.DiscoveryClient:959] -- Single vip registry refresh property : null
2019-07-31T16:20:26.214 [INFO] [com.netflix.discovery.DiscoveryClient:960] -- Force full registry fetch : false
2019-07-31T16:20:26.214 [INFO] [com.netflix.discovery.DiscoveryClient:961] -- Application is null : false
2019-07-31T16:20:26.214 [INFO] [com.netflix.discovery.DiscoveryClient:962] -- Registered Applications size is zero : true
2019-07-31T16:20:26.215 [INFO] [com.netflix.discovery.DiscoveryClient:964] -- Application version is -1: true
2019-07-31T16:20:26.215 [INFO] [com.netflix.discovery.DiscoveryClient:1047] -- Getting all instance registry info from the eureka server
2019-07-31T16:20:26.221 [INFO] [com.netflix.discovery.DiscoveryClient:1056] -- The response status is 200
2019-07-31T16:20:26.221 [INFO] [com.netflix.discovery.DiscoveryClient:1270] -- Starting heartbeat executor: renew interval is: 30
2019-07-31T16:20:26.222 [INFO] [com.netflix.discovery.InstanceInfoReplicator:60] -- InstanceInfoReplicator onDemand update allowed rate per min is 4
2019-07-31T16:20:26.223 [INFO] [com.netflix.discovery.DiscoveryClient:449] -- Discovery Client initialized at timestamp 1564561226223 with initial instances count: 1
2019-07-31T16:20:26.225 [INFO] [org.springframework.cloud.netflix.eureka.serviceregistry.EurekaServiceRegistry:42] -- Registering application CONFIG-CLIENT with eureka with status UP
2019-07-31T16:20:26.226 [INFO] [com.netflix.discovery.DiscoveryClient:1305] -- Saw local status change event StatusChangeEvent [timestamp=1564561226226, current=UP, previous=STARTING]
2019-07-31T16:20:26.227 [INFO] [com.netflix.discovery.DiscoveryClient:826] -- DiscoveryClient_CONFIG-CLIENT/config-client:172.20.10.7:7003: registering service...
2019-07-31T16:20:26.236 [INFO] [com.netflix.discovery.DiscoveryClient:835] -- DiscoveryClient_CONFIG-CLIENT/config-client:172.20.10.7:7003 - registration status: 204
2019-07-31T16:20:26.264 [INFO] [org.springframework.cloud.stream.binder.rabbit.provisioning.RabbitExchangeQueueProvisioner:159] -- declaring queue for inbound: springCloudBus.anonymous.vMXWHUomTKGIJu6cCGG6lA, bound to: springCloudBus
2019-07-31T16:20:26.299 [INFO] [org.springframework.integration.monitor.IntegrationMBeanExporter:749] -- Registering MessageChannel springCloudBus.anonymous.vMXWHUomTKGIJu6cCGG6lA.errors
2019-07-31T16:20:26.423 [INFO] [org.springframework.cloud.stream.binder.BinderErrorChannel:64] -- Channel 'config-client-1.springCloudBus.anonymous.vMXWHUomTKGIJu6cCGG6lA.errors' has 1 subscriber(s).
2019-07-31T16:20:26.424 [INFO] [org.springframework.cloud.stream.binder.BinderErrorChannel:64] -- Channel 'config-client-1.springCloudBus.anonymous.vMXWHUomTKGIJu6cCGG6lA.errors' has 2 subscriber(s).
2019-07-31T16:20:26.449 [INFO] [org.springframework.integration.amqp.inbound.AmqpInboundChannelAdapter:165] -- started inbound.springCloudBus.anonymous.vMXWHUomTKGIJu6cCGG6lA
2019-07-31T16:20:26.570 [INFO] [org.apache.coyote.http11.Http11NioProtocol:173] -- Starting ProtocolHandler ["http-nio-7003"]
2019-07-31T16:20:26.603 [INFO] [org.springframework.boot.web.embedded.tomcat.TomcatWebServer:204] -- Tomcat started on port(s): 7003 (http) with context path ''
2019-07-31T16:20:26.604 [INFO] [org.springframework.cloud.netflix.eureka.serviceregistry.EurekaAutoServiceRegistration:141] -- Updating port to 7003
2019-07-31T16:20:26.605 [INFO] [org.springframework.cloud.netflix.eureka.serviceregistry.EurekaAutoServiceRegistration:141] -- Updating port to 7003
2019-07-31T16:20:26.606 [INFO] [com.cloud.config.client.CloudConfigClientApplication:59] -- Started CloudConfigClientApplication in 30.338 seconds (JVM running for 32.054)
2019-07-31T16:20:27.100 [INFO] [org.apache.catalina.core.ContainerBase.[Tomcat].[localhost].[/]:173] -- Initializing Spring DispatcherServlet 'dispatcherServlet'
2019-07-31T16:20:27.101 [INFO] [org.springframework.web.servlet.DispatcherServlet:524] -- Initializing Servlet 'dispatcherServlet'
2019-07-31T16:20:27.108 [INFO] [org.springframework.cloud.config.client.ConfigServicePropertySourceLocator:205] -- Fetching config from server at : http://172.20.10.7:7001/
2019-07-31T16:20:27.119 [INFO] [org.springframework.web.servlet.DispatcherServlet:546] -- Completed initialization in 18 ms
2019-07-31T16:20:32.211 [INFO] [org.springframework.cloud.config.client.ConfigServicePropertySourceLocator:149] -- Located environment: name=config-client, profiles=[dev], label=null, version=34af31677e4b7456b10065229b29fa7a7c7b52be, state=null
